<?xml version="1.0" encoding="UTF-8"?>
<testng-results ignored="0" total="1" passed="1" failed="0" skipped="0">
  <reporter-output>
  </reporter-output>
  <suite started-at="2024-08-11T22:20:25 IST" name="Default suite" finished-at="2024-08-11T22:20:52 IST" duration-ms="26748">
    <groups>
    </groups>
    <test started-at="2024-08-11T22:20:25 IST" name="Default test" finished-at="2024-08-11T22:20:52 IST" duration-ms="26748">
      <class name="LamdaTestDemo.Lamdatestcloud">
        <test-method signature="login()[pri:0, instance:LamdaTestDemo.Lamdatestcloud@41e36e46]" started-at="2024-08-11T22:20:25 IST" name="login" finished-at="2024-08-11T22:20:52 IST" duration-ms="26683" status="PASS">
          <reporter-output>
          </reporter-output>
        </test-method> <!-- login -->
      </class> <!-- LamdaTestDemo.Lamdatestcloud -->
    </test> <!-- Default test -->
  </suite> <!-- Default suite -->
</testng-results>
